C51 COMPILER V9.01   MAIN                                                                  12/14/2018 11:06:27 PAGE 1   


C51 COMPILER V9.01, COMPILATION OF MODULE MAIN
OBJECT MODULE PLACED IN .\list\main.obj
COMPILER INVOKED BY: D:\Program Files (x86)\Keil\C51\BIN\C51.EXE app\main.c LARGE BROWSE INCDIR(.\stclib;..\stc_lib;.\ap
                    -p;.\app\service\app;.\app\service\AES128;.\app\service\CRC16) DEBUG OBJECTEXTEND PRINT(.\list\main.lst) OBJECT(.\list\ma
                    -in.obj)

line level    source

   1          /*c51 Uip 移植实例
   2          *环境 KEIL
   3          *www.anchey.com ancheel
   4          */
   5          #include        "config.h"
   6          #include        "USART1.h"
   7          #include        "delay.h"
   8          #include        "GPIO.h"
   9          
  10          #include   "sys_clock.h"
  11          #include "function.h"
  12          
  13          
  14          
  15          void    GPIO_config(void)
  16          {
  17   1              GPIO_InitTypeDef        GPIO_InitStructure;             //结构定义
  18   1              GPIO_InitStructure.Pin  = GPIO_Pin_All;         //指定要初始化的IO, GPIO_Pin_0 ~ GPIO_Pin_7, 或操作
  19   1              GPIO_InitStructure.Mode = GPIO_PullUp;          //指定IO的输入或输出方式,GPIO_PullUp,GPIO_HighZ,GPIO_OUT_OD,GPIO_
             -OUT_PP
  20   1              GPIO_Inilize(GPIO_P1,&GPIO_InitStructure);      //初始化        
  21   1                                      
  22   1      }
  23          
  24          /*************  串口1初始化函数 *****************/
  25          void    UART_config(void)
  26          {
  27   1              COMx_InitDefine         COMx_InitStructure;                                     //结构定义
  28   1              COMx_InitStructure.UART_Mode      = UART_8bit_BRTx;             //模式,       UART_ShiftRight,UART_8bit_BRTx,UART_9b
             -it,UART_9bit_BRTx
  29   1              COMx_InitStructure.UART_BRT_Use   = BRT_Timer1;                 //使用波特率,   BRT_Timer1, BRT_Timer2 (注意: 串口2固定
             -使用BRT_Timer2)
  30   1              COMx_InitStructure.UART_BaudRate  = 9600ul;                     //波特率, 一般 110 ~ 115200
  31   1              COMx_InitStructure.UART_RxEnable  = ENABLE;                             //接收允许,   ENABLE或DISABLE
  32   1              COMx_InitStructure.BaudRateDouble = DISABLE;                    //波特率加倍, ENABLE或DISABLE
  33   1              COMx_InitStructure.UART_Interrupt = ENABLE;                             //中断允许,   ENABLE或DISABLE
  34   1              COMx_InitStructure.UART_Polity    = PolityLow;                  //中断优先级, PolityLow,PolityHigh
  35   1              COMx_InitStructure.UART_P_SW      = UART1_SW_P30_P31;   //切换端口,   UART1_SW_P30_P31,UART1_SW_P36_P37,UAR
             -T1_SW_P16_P17(必须使用内部时钟)
  36   1              COMx_InitStructure.UART_RXD_TXD_Short = DISABLE;                //内部短路RXD与TXD, 做中继, ENABLE,DISABLE
  37   1              USART_Configuration(USART1, &COMx_InitStructure);               //初始化串口1 USART1,USART2
  38   1      
  39   1              COMx_InitStructure.UART_Mode      = UART_8bit_BRTx;             //模式,       UART_ShiftRight,UART_8bit_BRTx,UART_9b
             -it,UART_9bit_BRTx
  40   1              COMx_InitStructure.UART_BaudRate  = 9600ul;                     //波特率,     110 ~ 115200
  41   1              COMx_InitStructure.UART_RxEnable  = DISABLE;                            //接收允许,   ENABLE或DISABLE
  42   1              COMx_InitStructure.UART_Interrupt = ENABLE;                             //中断允许,   ENABLE或DISABLE
  43   1              COMx_InitStructure.UART_Polity    = PolityLow;                  //中断优先级, PolityLow,PolityHigh
  44   1              COMx_InitStructure.UART_P_SW      = UART2_SW_P10_P11;   //切换端口,   UART2_SW_P10_P11,UART2_SW_P46_P47
  45   1              USART_Configuration(USART2, &COMx_InitStructure);               //初始化串口2 USART1,USART2
  46   1      //      Printf1("123",3);
  47   1      //      PrintString1("STC15F2K60S2 UART1 Test Prgramme!\r\n");  //SUART1发送一个字符串
  48   1      //      PrintString2("STC15F2K60S2 UART2 Test Prgramme!\r\n");  //SUART2发送一个字符串
C51 COMPILER V9.01   MAIN                                                                  12/14/2018 11:06:27 PAGE 2   

  49   1      }
  50          
  51          
  52          void main(void)
  53          {
  54   1              GPIO_config();
  55   1              UART_config();
  56   1              sys_clock_init();
  57   1              EA = 1;
  58   1              //定时器稳定前尽可能不要操作串口
  59   1      
  60   1      //      printf("%s","123456789\r\n");
  61   1      //      PrintString1("STC15F2K60S2 UART1 Test Prgramme!\r\n");  //SUART1发送一个字符串
  62   1      //      PrintString2("STC15F2K60S2 UART2 Test Prgramme!\r\n");  //SUART2发送一个字符串
  63   1      //      while(1);
  64   1              function();
  65   1              //debug_loop();
  66   1      }
  67          
  68          
  69          char putchar(char c)
  70          {
  71   1          if(c == '\n') 
  72   1              {
  73   2              SBUF = '\r';               
  74   2              while(!TI);
  75   2          }
  76   1          SBUF = c;
  77   1          while(!TI);
  78   1      
  79   1          return c;
  80   1      }
  81          


MODULE INFORMATION:   STATIC OVERLAYABLE
   CODE SIZE        =    142    ----
   CONSTANT SIZE    =   ----    ----
   XDATA SIZE       =   ----      15
   PDATA SIZE       =   ----    ----
   DATA SIZE        =   ----    ----
   IDATA SIZE       =   ----    ----
   BIT SIZE         =   ----    ----
END OF MODULE INFORMATION.


C51 COMPILATION COMPLETE.  0 WARNING(S),  0 ERROR(S)
