C51 COMPILER V9.01   SYS_CLOCK                                                             07/19/2019 11:19:13 PAGE 1   


C51 COMPILER V9.01, COMPILATION OF MODULE SYS_CLOCK
OBJECT MODULE PLACED IN .\list\sys_clock.obj
COMPILER INVOKED BY: D:\Program Files (x86)\Keil\C51\BIN\C51.EXE app\sys_clock.c LARGE BROWSE INCDIR(.\stclib;..\stc_lib
                    -;.\app;.\app\service\app;.\app\service\AES128;.\app\service\CRC16;.\app\service\packet) DEBUG OBJECTEXTEND PRINT(.\list\
                    -sys_clock.lst) TABS(2) OBJECT(.\list\sys_clock.obj)

line level    source

   1          //
   2          // Created by anche on 2018/8/14.
   3          //
   4          
   5          #include "sys_clock.h"
   6          
   7          #include <stc_timer.h>
   8          
   9          data volatile uint16_t sys_ticks = 0;
  10          
  11          void sys_clock_init(void) 
  12          {
  13   1          TIM_InitTypeDef   TIM_InitStructure;          //结构定义
  14   1          TIM_InitStructure.TIM_Mode      = TIM_16BitAutoReload;  //指定工作模式,   TIM_16BitAutoReload,TIM_16Bit
             -,TIM_8BitAutoReload,TIM_16BitAutoReloadNoMask
  15   1          TIM_InitStructure.TIM_Polity    = PolityHigh;     //指定中断优先级, PolityHigh,PolityLow
  16   1          TIM_InitStructure.TIM_Interrupt = ENABLE;       //中断是否允许,   ENABLE或DISABLE
  17   1          TIM_InitStructure.TIM_ClkSource = TIM_CLOCK_12T;      //指定时钟源,     TIM_CLOCK_1T,TIM_CLOCK_12T,TIM_CL
             -OCK_Ext
  18   1          TIM_InitStructure.TIM_ClkOut    = DISABLE;        //是否输出高速脉冲, ENABLE或DISABLE
  19   1          TIM_InitStructure.TIM_Value     = 65536UL - (MAIN_Fosc / (100UL * 12UL));   //初值,
  20   1          TIM_InitStructure.TIM_Run       = ENABLE;       //是否初始化后启动定时器, ENABLE或DISABLE
  21   1          Timer_Inilize(Timer0,&TIM_InitStructure);       //初始化Timer0    Timer0,Timer1,Timer2
  22   1      }
  23          
  24          uint16_t get_sys_ticks(void) 
  25          {
  26   1          uint16_t ticks;
  27   1          TR0 = 0;
  28   1          ticks = sys_ticks;
  29   1          TR0 = 1;
  30   1          return ticks;
  31   1      }


MODULE INFORMATION:   STATIC OVERLAYABLE
   CODE SIZE        =     44    ----
   CONSTANT SIZE    =   ----    ----
   XDATA SIZE       =   ----       8
   PDATA SIZE       =   ----    ----
   DATA SIZE        =      2    ----
   IDATA SIZE       =   ----    ----
   BIT SIZE         =   ----    ----
END OF MODULE INFORMATION.


C51 COMPILATION COMPLETE.  0 WARNING(S),  0 ERROR(S)
